

Microchip Technology PIC LITE Macro Assembler V1.45 build -152302408 
                                                                                               Fri Feb 14 11:59:29 2020

Microchip Technology Omniscient Code Generator v1.45 (Free mode) build 201711160504
     1                           	processor	16F887
     2                           	opt	pw 120
     3                           	opt	lm
     4                           	psect	cinit,global,class=CODE,merge=1,delta=2
     5                           	psect	bssCOMMON,global,class=COMMON,space=1,delta=1
     6                           	psect	cstackCOMMON,global,class=COMMON,space=1,delta=1
     7                           	psect	maintext,global,class=CODE,split=1,delta=2
     8                           	dabs	1,0x7E,2
     9  0000                     
    10                           ; Version 1.45
    11                           ; Generated 16/11/2017 GMT
    12                           ; 
    13                           ; Copyright © 2017, Microchip Technology Inc. and its subsidiaries ("Microchip")
    14                           ; All rights reserved.
    15                           ; 
    16                           ; This software is developed by Microchip Technology Inc. and its subsidiaries ("Microch
      +                          ip").
    17                           ; 
    18                           ; Redistribution and use in source and binary forms, with or without modification, are
    19                           ; permitted provided that the following conditions are met:
    20                           ; 
    21                           ;     1. Redistributions of source code must retain the above copyright notice, this lis
      +                          t of
    22                           ;        conditions and the following disclaimer.
    23                           ; 
    24                           ;     2. Redistributions in binary form must reproduce the above copyright notice, this 
      +                          list
    25                           ;        of conditions and the following disclaimer in the documentation and/or other
    26                           ;        materials provided with the distribution.
    27                           ; 
    28                           ;     3. Microchip's name may not be used to endorse or promote products derived from th
      +                          is
    29                           ;        software without specific prior written permission.
    30                           ; 
    31                           ; THIS SOFTWARE IS PROVIDED BY MICROCHIP "AS IS" AND ANY EXPRESS OR IMPLIED WARRANTIES,
    32                           ; INCLUDING, BUT NOT LIMITED TO, THE IMPLIED WARRANTIES OF MERCHANTABILITY AND FITNESS F
      +                          OR
    33                           ; PURPOSE ARE DISCLAIMED.  IN NO EVENT SHALL MICROCHIP BE LIABLE FOR ANY DIRECT, INDIREC
      +                          T,
    34                           ; INCIDENTAL, SPECIAL, EXEMPLARY, OR CONSEQUENTIAL DAMAGES (INCLUDING BUT NOT LIMITED TO
    35                           ; PROCUREMENT OF SUBSTITUTE GOODS OR SERVICES; LOSS OF USE, DATA OR PROFITS; OR BUSINESS
    36                           ; INTERRUPTION) HOWSOEVER CAUSED AND ON ANY THEORY OF LIABILITY, WHETHER IN CONTRACT, ST
      +                          RICT
    37                           ; LIABILITY, OR TORT (INCLUDING NEGLIGENCE OR OTHERWISE) ARISING IN ANY WAY OUT OF THE U
      +                          SE OF
    38                           ; THIS SOFTWARE, EVEN IF ADVISED OF THE POSSIBILITY OF SUCH DAMAGE.
    39                           ; 
    40                           ; 
    41                           ; Code-generator required, PIC16F887 Definitions
    42                           ; 
    43                           ; SFR Addresses
    44  0000                     	;# 
    45  0001                     	;# 
    46  0002                     	;# 
    47  0003                     	;# 
    48  0004                     	;# 
    49  0005                     	;# 
    50  0006                     	;# 
    51  0007                     	;# 
    52  0008                     	;# 
    53  0009                     	;# 
    54  000A                     	;# 
    55  000B                     	;# 
    56  000C                     	;# 
    57  000D                     	;# 
    58  000E                     	;# 
    59  000E                     	;# 
    60  000F                     	;# 
    61  0010                     	;# 
    62  0011                     	;# 
    63  0012                     	;# 
    64  0013                     	;# 
    65  0014                     	;# 
    66  0015                     	;# 
    67  0015                     	;# 
    68  0016                     	;# 
    69  0017                     	;# 
    70  0018                     	;# 
    71  0019                     	;# 
    72  001A                     	;# 
    73  001B                     	;# 
    74  001B                     	;# 
    75  001C                     	;# 
    76  001D                     	;# 
    77  001E                     	;# 
    78  001F                     	;# 
    79  0081                     	;# 
    80  0085                     	;# 
    81  0086                     	;# 
    82  0087                     	;# 
    83  0088                     	;# 
    84  0089                     	;# 
    85  008C                     	;# 
    86  008D                     	;# 
    87  008E                     	;# 
    88  008F                     	;# 
    89  0090                     	;# 
    90  0091                     	;# 
    91  0092                     	;# 
    92  0093                     	;# 
    93  0093                     	;# 
    94  0093                     	;# 
    95  0094                     	;# 
    96  0095                     	;# 
    97  0096                     	;# 
    98  0097                     	;# 
    99  0098                     	;# 
   100  0099                     	;# 
   101  009A                     	;# 
   102  009B                     	;# 
   103  009C                     	;# 
   104  009D                     	;# 
   105  009E                     	;# 
   106  009F                     	;# 
   107  0105                     	;# 
   108  0107                     	;# 
   109  0108                     	;# 
   110  0109                     	;# 
   111  010C                     	;# 
   112  010C                     	;# 
   113  010D                     	;# 
   114  010E                     	;# 
   115  010F                     	;# 
   116  0185                     	;# 
   117  0187                     	;# 
   118  0188                     	;# 
   119  0189                     	;# 
   120  018C                     	;# 
   121  018D                     	;# 
   122  001E                     _ADRESH	set	30
   123  001F                     _ADCON0	set	31
   124  009E                     _ADRESL	set	158
   125  0087                     _TRISC	set	135
   126  0088                     _TRISD	set	136
   127  009F                     _ADCON1	set	159
   128  0085                     _TRISA	set	133
   129  0188                     _ANSEL	set	392
   130                           
   131                           	psect	cinit
   132  07FA                     start_initialization:	
   133                           ; #config settings
   134                           
   135  07FA                     __initialization:	
   136                           
   137                           ; Clear objects allocated to COMMON
   138  07FA  01F0               	clrf	__pbssCOMMON& (0+127)
   139  07FB  01F1               	clrf	(__pbssCOMMON+1)& (0+127)
   140  07FC                     end_of_initialization:	
   141                           ;End of C runtime variable initialization code
   142                           
   143  07FC                     __end_of__initialization:	
   144  07FC  0183               	clrf	3
   145  07FD  120A  118A  2FDB   	ljmp	_main	;jump to C main() function
   146                           
   147                           	psect	bssCOMMON
   148  0070                     __pbssCOMMON:	
   149  0070                     _valor:	
   150  0070                     	ds	2
   151                           
   152                           	psect	cstackCOMMON
   153  0072                     __pcstackCOMMON:	
   154  0072                     ?_main:	
   155  0072                     ??_main:	
   156                           ; 1 bytes @ 0x0
   157                           
   158                           
   159                           ; 1 bytes @ 0x0
   160  0072                     	ds	1
   161                           
   162                           	psect	maintext
   163  07DB                     __pmaintext:	
   164 ;;
   165 ;;Main: autosize = 0, tempsize = 1, incstack = 0, save=0
   166 ;;
   167 ;; *************** function _main *****************
   168 ;; Defined at:
   169 ;;		line 8 in file "C:\Users\Aluno\Desktop\PortableGit\ecai11\dc-motor-control\code\main.c"
   170 ;; Parameters:    Size  Location     Type
   171 ;;		None
   172 ;; Auto vars:     Size  Location     Type
   173 ;;		None
   174 ;; Return value:  Size  Location     Type
   175 ;;                  1    wreg      void 
   176 ;; Registers used:
   177 ;;		wreg, status,2, status,0
   178 ;; Tracked objects:
   179 ;;		On entry : B00/0
   180 ;;		On exit  : 0/0
   181 ;;		Unchanged: 0/0
   182 ;; Data sizes:     COMMON   BANK0   BANK1   BANK3   BANK2
   183 ;;      Params:         0       0       0       0       0
   184 ;;      Locals:         0       0       0       0       0
   185 ;;      Temps:          1       0       0       0       0
   186 ;;      Totals:         1       0       0       0       0
   187 ;;Total ram usage:        1 bytes
   188 ;; This function calls:
   189 ;;		Nothing
   190 ;; This function is called by:
   191 ;;		Startup code after reset
   192 ;; This function uses a non-reentrant model
   193 ;;
   194                           
   195                           
   196                           ;psect for function _main
   197  07DB                     _main:	
   198                           
   199                           ;main.c: 11: TRISA |=1<<0;
   200                           
   201                           ;incstack = 0
   202                           ; Regs used in _main: [wreg+status,2+status,0]
   203  07DB  1683               	bsf	3,5	;RP0=1, select bank1
   204  07DC  1303               	bcf	3,6	;RP1=0, select bank1
   205  07DD  1405               	bsf	5,0	;volatile
   206                           
   207                           ;main.c: 12: ANSEL |=1<<0;
   208  07DE  1683               	bsf	3,5	;RP0=1, select bank3
   209  07DF  1703               	bsf	3,6	;RP1=1, select bank3
   210  07E0  1408               	bsf	8,0	;volatile
   211                           
   212                           ;main.c: 14: ADCON0=0x00;
   213  07E1  1283               	bcf	3,5	;RP0=0, select bank0
   214  07E2  1303               	bcf	3,6	;RP1=0, select bank0
   215  07E3  019F               	clrf	31	;volatile
   216                           
   217                           ;main.c: 15: ADCON0|=0b01000001;
   218  07E4  3041               	movlw	65
   219  07E5  00F2               	movwf	??_main
   220  07E6  0872               	movf	??_main,w
   221  07E7  049F               	iorwf	31,f	;volatile
   222                           
   223                           ;main.c: 17: ADCON1=0;
   224  07E8  1683               	bsf	3,5	;RP0=1, select bank1
   225  07E9  1303               	bcf	3,6	;RP1=0, select bank1
   226  07EA  019F               	clrf	31	;volatile
   227                           
   228                           ;main.c: 18: ADCON1|=(1<<7);
   229  07EB  179F               	bsf	31,7	;volatile
   230                           
   231                           ;main.c: 19: TRISD=0;
   232  07EC  0188               	clrf	8	;volatile
   233                           
   234                           ;main.c: 20: TRISC=0;
   235  07ED  0187               	clrf	7	;volatile
   236  07EE                     l503:	
   237                           ;main.c: 22: while(1){
   238                           
   239                           
   240                           ;main.c: 23: ADCON0 |= (1<<1);
   241  07EE  1283               	bcf	3,5	;RP0=0, select bank0
   242  07EF  149F               	bsf	31,1	;volatile
   243  07F0                     l507:	
   244                           ;main.c: 24: while(ADCON0 & (1<<1))
   245                           
   246  07F0  1283               	bcf	3,5	;RP0=0, select bank0
   247  07F1  1C9F               	btfss	31,1	;volatile
   248  07F2  2FEE               	goto	l503
   249                           
   250                           ;main.c: 25: valor= (ADRESH<<8) + ADRESL;
   251  07F3  081E               	movf	30,w	;volatile
   252  07F4  00F1               	movwf	_valor+1
   253  07F5  1683               	bsf	3,5	;RP0=1, select bank1
   254  07F6  1303               	bcf	3,6	;RP1=0, select bank1
   255  07F7  081E               	movf	30,w	;volatile
   256  07F8  00F0               	movwf	_valor
   257  07F9  2FF0               	goto	l507
   258  07FA                     __end_of_main:	
   259  007E                     btemp	set	126	;btemp
   260  007E                     wtemp0	set	126


Data Sizes:
    Strings     0
    Constant    0
    Data        0
    BSS         2
    Persistent  0
    Stack       0

Auto Spaces:
    Space          Size  Autos    Used
    COMMON           14      1       3
    BANK0            80      0       0
    BANK1            80      0       0
    BANK3            96      0       0
    BANK2            96      0       0

Pointer List with Targets:

    None.

Critical Paths under _main in COMMON

    None.

Critical Paths under _main in BANK0

    None.

Critical Paths under _main in BANK1

    None.

Critical Paths under _main in BANK3

    None.

Critical Paths under _main in BANK2

    None.

Call Graph Tables:

 ---------------------------------------------------------------------------------
 (Depth) Function   	        Calls       Base Space   Used Autos Params    Refs
 ---------------------------------------------------------------------------------
 (0) _main                                                 1     1      0       0
                                              0 COMMON     1     1      0
 ---------------------------------------------------------------------------------
 Estimated maximum stack depth 0
 ---------------------------------------------------------------------------------

 Call Graph Graphs:

 _main (ROOT)

 Address spaces:
Name               Size   Autos  Total    Cost      Usage
BITCOMMON            E      0       0       0        0.0%
EEDATA             100      0       0       0        0.0%
NULL                 0      0       0       0        0.0%
CODE                 0      0       0       0        0.0%
COMMON               E      1       3       1       21.4%
BITSFR0              0      0       0       1        0.0%
SFR0                 0      0       0       1        0.0%
BITSFR1              0      0       0       2        0.0%
SFR1                 0      0       0       2        0.0%
STACK                0      0       0       2        0.0%
ABS                  0      0       3       3        0.0%
BITBANK0            50      0       0       4        0.0%
BITSFR3              0      0       0       4        0.0%
SFR3                 0      0       0       4        0.0%
BANK0               50      0       0       5        0.0%
BITSFR2              0      0       0       5        0.0%
SFR2                 0      0       0       5        0.0%
BITBANK1            50      0       0       6        0.0%
BANK1               50      0       0       7        0.0%
BITBANK3            60      0       0       8        0.0%
BANK3               60      0       0       9        0.0%
BITBANK2            60      0       0      10        0.0%
BANK2               60      0       0      11        0.0%
DATA                 0      0       3      12        0.0%


Microchip Technology PIC Macro Assembler V1.45 build -152302408 
Symbol Table                                                                                   Fri Feb 14 11:59:29 2020

                    l503 07EE                      l507 07F0                     _main 07DB  
                   btemp 007E                     start 0000                    ?_main 0072  
                  _ANSEL 0188                    _TRISA 0085                    _TRISC 0087  
                  _TRISD 0088                    _valor 0070                    status 0003  
                  wtemp0 007E          __initialization 07FA             __end_of_main 07FA  
                 ??_main 0072                   _ADCON0 001F                   _ADCON1 009F  
                 _ADRESH 001E                   _ADRESL 009E  __end_of__initialization 07FC  
         __pcstackCOMMON 0072               __pmaintext 07DB     end_of_initialization 07FC  
    start_initialization 07FA              __pbssCOMMON 0070                ___latbits 0002  
          __size_of_main 001F  
